DEB [20250516-15:58:49.968] thr=1   paramiko.transport: EOF in transport thread
DEB [20250516-15:58:49.968] thr=3   paramiko.transport: EOF in transport thread
DEB [20250516-15:58:58.893] thr=1   paramiko.transport: starting thread (client mode): 0xcdc38500
DEB [20250516-15:58:58.893] thr=1   paramiko.transport: Local version/idstring: SSH-2.0-paramiko_3.5.1
DEB [20250516-15:58:59.153] thr=1   paramiko.transport: Remote version/idstring: SSH-2.0-OpenSSH_9.6p1 Ubuntu-3ubuntu13.11
INF [20250516-15:58:59.153] thr=1   paramiko.transport: Connected (version 2.0, client OpenSSH_9.6p1)
DEB [20250516-15:58:59.399] thr=1   paramiko.transport: === Key exchange possibilities ===
DEB [20250516-15:58:59.400] thr=1   paramiko.transport: kex algos: sntrup761x25519-sha512@openssh.com, curve25519-sha256, curve25519-sha256@libssh.org, ecdh-sha2-nistp256, ecdh-sha2-nistp384, ecdh-sha2-nistp521, diffie-hellman-group-exchange-sha256, diffie-hellman-group16-sha512, diffie-hellman-group18-sha512, diffie-hellman-group14-sha256, ext-info-s, kex-strict-s-v00@openssh.com
DEB [20250516-15:58:59.400] thr=1   paramiko.transport: server key: rsa-sha2-512, rsa-sha2-256, ecdsa-sha2-nistp256, ssh-ed25519
DEB [20250516-15:58:59.400] thr=1   paramiko.transport: client encrypt: chacha20-poly1305@openssh.com, aes128-ctr, aes192-ctr, aes256-ctr, aes128-gcm@openssh.com, aes256-gcm@openssh.com
DEB [20250516-15:58:59.400] thr=1   paramiko.transport: server encrypt: chacha20-poly1305@openssh.com, aes128-ctr, aes192-ctr, aes256-ctr, aes128-gcm@openssh.com, aes256-gcm@openssh.com
DEB [20250516-15:58:59.400] thr=1   paramiko.transport: client mac: umac-64-etm@openssh.com, umac-128-etm@openssh.com, hmac-sha2-256-etm@openssh.com, hmac-sha2-512-etm@openssh.com, hmac-sha1-etm@openssh.com, umac-64@openssh.com, umac-128@openssh.com, hmac-sha2-256, hmac-sha2-512, hmac-sha1
DEB [20250516-15:58:59.400] thr=1   paramiko.transport: server mac: umac-64-etm@openssh.com, umac-128-etm@openssh.com, hmac-sha2-256-etm@openssh.com, hmac-sha2-512-etm@openssh.com, hmac-sha1-etm@openssh.com, umac-64@openssh.com, umac-128@openssh.com, hmac-sha2-256, hmac-sha2-512, hmac-sha1
DEB [20250516-15:58:59.400] thr=1   paramiko.transport: client compress: none, zlib@openssh.com
DEB [20250516-15:58:59.400] thr=1   paramiko.transport: server compress: none, zlib@openssh.com
DEB [20250516-15:58:59.400] thr=1   paramiko.transport: client lang: <none>
DEB [20250516-15:58:59.400] thr=1   paramiko.transport: server lang: <none>
DEB [20250516-15:58:59.401] thr=1   paramiko.transport: kex follows: False
DEB [20250516-15:58:59.401] thr=1   paramiko.transport: === Key exchange agreements ===
DEB [20250516-15:58:59.401] thr=1   paramiko.transport: Strict kex mode: True
DEB [20250516-15:58:59.401] thr=1   paramiko.transport: Kex: curve25519-sha256@libssh.org
DEB [20250516-15:58:59.401] thr=1   paramiko.transport: HostKey: ssh-ed25519
DEB [20250516-15:58:59.401] thr=1   paramiko.transport: Cipher: aes128-ctr
DEB [20250516-15:58:59.401] thr=1   paramiko.transport: MAC: hmac-sha2-256
DEB [20250516-15:58:59.401] thr=1   paramiko.transport: Compression: none
DEB [20250516-15:58:59.401] thr=1   paramiko.transport: === End of kex handshake ===
DEB [20250516-15:58:59.654] thr=1   paramiko.transport: Resetting outbound seqno after NEWKEYS due to strict mode
DEB [20250516-15:58:59.654] thr=1   paramiko.transport: kex engine KexCurve25519 specified hash_algo <built-in function openssl_sha256>
DEB [20250516-15:58:59.654] thr=1   paramiko.transport: Switch to new keys ...
DEB [20250516-15:58:59.654] thr=1   paramiko.transport: Resetting inbound seqno after NEWKEYS due to strict mode
DEB [20250516-15:58:59.655] thr=2   paramiko.transport: Adding ssh-ed25519 host key for 68.168.222.82: b'55eefeb678d252555c86af3168b866f0'
DEB [20250516-15:58:59.655] thr=1   paramiko.transport: Got EXT_INFO: {'server-sig-algs': b'ssh-ed25519,ecdsa-sha2-nistp256,ecdsa-sha2-nistp384,ecdsa-sha2-nistp521,sk-ssh-ed25519@openssh.com,sk-ecdsa-sha2-nistp256@openssh.com,rsa-sha2-512,rsa-sha2-256', 'publickey-hostbound@openssh.com': b'0', 'ping@openssh.com': b'0'}
DEB [20250516-15:59:00.191] thr=1   paramiko.transport: userauth is OK
INF [20250516-15:59:00.586] thr=1   paramiko.transport: Authentication (password) successful!
DEB [20250516-15:59:00.586] thr=2   paramiko.transport: [chan 0] Max packet in: 32768 bytes
DEB [20250516-15:59:00.838] thr=1   paramiko.transport: Received global request "hostkeys-00@openssh.com"
DEB [20250516-15:59:00.838] thr=1   paramiko.transport: Rejecting "hostkeys-00@openssh.com" global request from server.
DEB [20250516-15:59:01.139] thr=1   paramiko.transport: [chan 0] Max packet out: 32768 bytes
DEB [20250516-15:59:01.140] thr=1   paramiko.transport: Secsh channel 0 opened.
DEB [20250516-15:59:01.397] thr=1   paramiko.transport: [chan 0] Sesch channel 0 request ok
INF [20250516-15:59:01.654] thr=2   paramiko.transport.sftp: [chan 0] Opened sftp connection (server version 3)
DEB [20250516-15:59:01.655] thr=2   paramiko.transport.sftp: [chan 0] stat(b'opt/myproject/myproject/media//user_data')
DEB [20250516-15:59:01.913] thr=2   paramiko.transport.sftp: [chan 0] mkdir(b'opt/myproject/myproject/media//user_data', 511)
DEB [20250516-16:06:56.533] thr=1   paramiko.transport: EOF in transport thread
DEB [20250516-16:09:20.916] thr=1   paramiko.transport: starting thread (client mode): 0xea3df8f0
DEB [20250516-16:09:20.916] thr=1   paramiko.transport: Local version/idstring: SSH-2.0-paramiko_3.5.1
DEB [20250516-16:09:21.182] thr=1   paramiko.transport: Remote version/idstring: SSH-2.0-OpenSSH_9.6p1 Ubuntu-3ubuntu13.11
INF [20250516-16:09:21.182] thr=1   paramiko.transport: Connected (version 2.0, client OpenSSH_9.6p1)
DEB [20250516-16:09:21.432] thr=1   paramiko.transport: === Key exchange possibilities ===
DEB [20250516-16:09:21.432] thr=1   paramiko.transport: kex algos: sntrup761x25519-sha512@openssh.com, curve25519-sha256, curve25519-sha256@libssh.org, ecdh-sha2-nistp256, ecdh-sha2-nistp384, ecdh-sha2-nistp521, diffie-hellman-group-exchange-sha256, diffie-hellman-group16-sha512, diffie-hellman-group18-sha512, diffie-hellman-group14-sha256, ext-info-s, kex-strict-s-v00@openssh.com
DEB [20250516-16:09:21.432] thr=1   paramiko.transport: server key: rsa-sha2-512, rsa-sha2-256, ecdsa-sha2-nistp256, ssh-ed25519
DEB [20250516-16:09:21.433] thr=1   paramiko.transport: client encrypt: chacha20-poly1305@openssh.com, aes128-ctr, aes192-ctr, aes256-ctr, aes128-gcm@openssh.com, aes256-gcm@openssh.com
DEB [20250516-16:09:21.433] thr=1   paramiko.transport: server encrypt: chacha20-poly1305@openssh.com, aes128-ctr, aes192-ctr, aes256-ctr, aes128-gcm@openssh.com, aes256-gcm@openssh.com
DEB [20250516-16:09:21.433] thr=1   paramiko.transport: client mac: umac-64-etm@openssh.com, umac-128-etm@openssh.com, hmac-sha2-256-etm@openssh.com, hmac-sha2-512-etm@openssh.com, hmac-sha1-etm@openssh.com, umac-64@openssh.com, umac-128@openssh.com, hmac-sha2-256, hmac-sha2-512, hmac-sha1
DEB [20250516-16:09:21.433] thr=1   paramiko.transport: server mac: umac-64-etm@openssh.com, umac-128-etm@openssh.com, hmac-sha2-256-etm@openssh.com, hmac-sha2-512-etm@openssh.com, hmac-sha1-etm@openssh.com, umac-64@openssh.com, umac-128@openssh.com, hmac-sha2-256, hmac-sha2-512, hmac-sha1
DEB [20250516-16:09:21.433] thr=1   paramiko.transport: client compress: none, zlib@openssh.com
DEB [20250516-16:09:21.433] thr=1   paramiko.transport: server compress: none, zlib@openssh.com
DEB [20250516-16:09:21.433] thr=1   paramiko.transport: client lang: <none>
DEB [20250516-16:09:21.433] thr=1   paramiko.transport: server lang: <none>
DEB [20250516-16:09:21.433] thr=1   paramiko.transport: kex follows: False
DEB [20250516-16:09:21.433] thr=1   paramiko.transport: === Key exchange agreements ===
DEB [20250516-16:09:21.433] thr=1   paramiko.transport: Strict kex mode: True
DEB [20250516-16:09:21.433] thr=1   paramiko.transport: Kex: curve25519-sha256@libssh.org
DEB [20250516-16:09:21.433] thr=1   paramiko.transport: HostKey: ssh-ed25519
DEB [20250516-16:09:21.433] thr=1   paramiko.transport: Cipher: aes128-ctr
DEB [20250516-16:09:21.433] thr=1   paramiko.transport: MAC: hmac-sha2-256
DEB [20250516-16:09:21.434] thr=1   paramiko.transport: Compression: none
DEB [20250516-16:09:21.434] thr=1   paramiko.transport: === End of kex handshake ===
DEB [20250516-16:09:21.691] thr=1   paramiko.transport: Resetting outbound seqno after NEWKEYS due to strict mode
DEB [20250516-16:09:21.691] thr=1   paramiko.transport: kex engine KexCurve25519 specified hash_algo <built-in function openssl_sha256>
DEB [20250516-16:09:21.692] thr=1   paramiko.transport: Switch to new keys ...
DEB [20250516-16:09:21.692] thr=1   paramiko.transport: Resetting inbound seqno after NEWKEYS due to strict mode
DEB [20250516-16:09:21.692] thr=1   paramiko.transport: Got EXT_INFO: {'server-sig-algs': b'ssh-ed25519,ecdsa-sha2-nistp256,ecdsa-sha2-nistp384,ecdsa-sha2-nistp521,sk-ssh-ed25519@openssh.com,sk-ecdsa-sha2-nistp256@openssh.com,rsa-sha2-512,rsa-sha2-256', 'publickey-hostbound@openssh.com': b'0', 'ping@openssh.com': b'0'}
DEB [20250516-16:09:21.692] thr=2   paramiko.transport: Adding ssh-ed25519 host key for 68.168.222.82: b'55eefeb678d252555c86af3168b866f0'
DEB [20250516-16:09:22.230] thr=1   paramiko.transport: userauth is OK
INF [20250516-16:09:22.625] thr=1   paramiko.transport: Authentication (password) successful!
DEB [20250516-16:09:22.626] thr=2   paramiko.transport: [chan 0] Max packet in: 32768 bytes
DEB [20250516-16:09:23.561] thr=1   paramiko.transport: Received global request "hostkeys-00@openssh.com"
DEB [20250516-16:09:23.561] thr=1   paramiko.transport: Rejecting "hostkeys-00@openssh.com" global request from server.
DEB [20250516-16:09:24.028] thr=1   paramiko.transport: [chan 0] Max packet out: 32768 bytes
DEB [20250516-16:09:24.028] thr=1   paramiko.transport: Secsh channel 0 opened.
DEB [20250516-16:09:24.281] thr=1   paramiko.transport: [chan 0] Sesch channel 0 request ok
INF [20250516-16:09:24.531] thr=2   paramiko.transport.sftp: [chan 0] Opened sftp connection (server version 3)
DEB [20250516-16:09:24.533] thr=2   paramiko.transport.sftp: [chan 0] stat(b'opt/myproject/myproject/media/user_data')
DEB [20250516-16:09:24.783] thr=2   paramiko.transport.sftp: [chan 0] mkdir(b'opt/myproject/myproject/media/user_data', 511)
DEB [20250516-16:10:52.961] thr=1   paramiko.transport: EOF in transport thread
DEB [20250516-16:11:13.372] thr=1   paramiko.transport: starting thread (client mode): 0x74d5ec60
DEB [20250516-16:11:13.373] thr=1   paramiko.transport: Local version/idstring: SSH-2.0-paramiko_3.5.1
DEB [20250516-16:11:13.622] thr=1   paramiko.transport: Remote version/idstring: SSH-2.0-OpenSSH_9.6p1 Ubuntu-3ubuntu13.11
INF [20250516-16:11:13.622] thr=1   paramiko.transport: Connected (version 2.0, client OpenSSH_9.6p1)
DEB [20250516-16:11:13.859] thr=1   paramiko.transport: === Key exchange possibilities ===
DEB [20250516-16:11:13.859] thr=1   paramiko.transport: kex algos: sntrup761x25519-sha512@openssh.com, curve25519-sha256, curve25519-sha256@libssh.org, ecdh-sha2-nistp256, ecdh-sha2-nistp384, ecdh-sha2-nistp521, diffie-hellman-group-exchange-sha256, diffie-hellman-group16-sha512, diffie-hellman-group18-sha512, diffie-hellman-group14-sha256, ext-info-s, kex-strict-s-v00@openssh.com
DEB [20250516-16:11:13.859] thr=1   paramiko.transport: server key: rsa-sha2-512, rsa-sha2-256, ecdsa-sha2-nistp256, ssh-ed25519
DEB [20250516-16:11:13.859] thr=1   paramiko.transport: client encrypt: chacha20-poly1305@openssh.com, aes128-ctr, aes192-ctr, aes256-ctr, aes128-gcm@openssh.com, aes256-gcm@openssh.com
DEB [20250516-16:11:13.859] thr=1   paramiko.transport: server encrypt: chacha20-poly1305@openssh.com, aes128-ctr, aes192-ctr, aes256-ctr, aes128-gcm@openssh.com, aes256-gcm@openssh.com
DEB [20250516-16:11:13.860] thr=1   paramiko.transport: client mac: umac-64-etm@openssh.com, umac-128-etm@openssh.com, hmac-sha2-256-etm@openssh.com, hmac-sha2-512-etm@openssh.com, hmac-sha1-etm@openssh.com, umac-64@openssh.com, umac-128@openssh.com, hmac-sha2-256, hmac-sha2-512, hmac-sha1
DEB [20250516-16:11:13.860] thr=1   paramiko.transport: server mac: umac-64-etm@openssh.com, umac-128-etm@openssh.com, hmac-sha2-256-etm@openssh.com, hmac-sha2-512-etm@openssh.com, hmac-sha1-etm@openssh.com, umac-64@openssh.com, umac-128@openssh.com, hmac-sha2-256, hmac-sha2-512, hmac-sha1
DEB [20250516-16:11:13.860] thr=1   paramiko.transport: client compress: none, zlib@openssh.com
DEB [20250516-16:11:13.860] thr=1   paramiko.transport: server compress: none, zlib@openssh.com
DEB [20250516-16:11:13.860] thr=1   paramiko.transport: client lang: <none>
DEB [20250516-16:11:13.860] thr=1   paramiko.transport: server lang: <none>
DEB [20250516-16:11:13.860] thr=1   paramiko.transport: kex follows: False
DEB [20250516-16:11:13.860] thr=1   paramiko.transport: === Key exchange agreements ===
DEB [20250516-16:11:13.860] thr=1   paramiko.transport: Strict kex mode: True
DEB [20250516-16:11:13.860] thr=1   paramiko.transport: Kex: curve25519-sha256@libssh.org
DEB [20250516-16:11:13.860] thr=1   paramiko.transport: HostKey: ssh-ed25519
DEB [20250516-16:11:13.860] thr=1   paramiko.transport: Cipher: aes128-ctr
DEB [20250516-16:11:13.860] thr=1   paramiko.transport: MAC: hmac-sha2-256
DEB [20250516-16:11:13.860] thr=1   paramiko.transport: Compression: none
DEB [20250516-16:11:13.860] thr=1   paramiko.transport: === End of kex handshake ===
DEB [20250516-16:11:14.101] thr=1   paramiko.transport: Resetting outbound seqno after NEWKEYS due to strict mode
DEB [20250516-16:11:14.101] thr=1   paramiko.transport: kex engine KexCurve25519 specified hash_algo <built-in function openssl_sha256>
DEB [20250516-16:11:14.102] thr=1   paramiko.transport: Switch to new keys ...
DEB [20250516-16:11:14.102] thr=1   paramiko.transport: Resetting inbound seqno after NEWKEYS due to strict mode
DEB [20250516-16:11:14.102] thr=2   paramiko.transport: Adding ssh-ed25519 host key for 68.168.222.82: b'55eefeb678d252555c86af3168b866f0'
DEB [20250516-16:11:14.102] thr=1   paramiko.transport: Got EXT_INFO: {'server-sig-algs': b'ssh-ed25519,ecdsa-sha2-nistp256,ecdsa-sha2-nistp384,ecdsa-sha2-nistp521,sk-ssh-ed25519@openssh.com,sk-ecdsa-sha2-nistp256@openssh.com,rsa-sha2-512,rsa-sha2-256', 'publickey-hostbound@openssh.com': b'0', 'ping@openssh.com': b'0'}
DEB [20250516-16:11:14.612] thr=1   paramiko.transport: userauth is OK
INF [20250516-16:11:14.921] thr=1   paramiko.transport: Authentication (password) successful!
DEB [20250516-16:11:14.921] thr=2   paramiko.transport: [chan 0] Max packet in: 32768 bytes
DEB [20250516-16:11:15.720] thr=1   paramiko.transport: Received global request "hostkeys-00@openssh.com"
DEB [20250516-16:11:15.720] thr=1   paramiko.transport: Rejecting "hostkeys-00@openssh.com" global request from server.
DEB [20250516-16:11:16.161] thr=1   paramiko.transport: [chan 0] Max packet out: 32768 bytes
DEB [20250516-16:11:16.161] thr=1   paramiko.transport: Secsh channel 0 opened.
DEB [20250516-16:11:16.398] thr=1   paramiko.transport: [chan 0] Sesch channel 0 request ok
INF [20250516-16:11:16.635] thr=2   paramiko.transport.sftp: [chan 0] Opened sftp connection (server version 3)
DEB [20250516-16:11:16.638] thr=2   paramiko.transport.sftp: [chan 0] stat(b'opt/myproject/myproject/media//user_data')
DEB [20250516-16:11:16.877] thr=2   paramiko.transport.sftp: [chan 0] mkdir(b'opt/myproject/myproject/media//user_data', 511)
DEB [20250516-16:12:26.257] thr=1   paramiko.transport: EOF in transport thread
DEB [20250516-16:12:41.871] thr=1   paramiko.transport: starting thread (client mode): 0x57d63650
DEB [20250516-16:12:41.872] thr=1   paramiko.transport: Local version/idstring: SSH-2.0-paramiko_3.5.1
DEB [20250516-16:12:42.145] thr=1   paramiko.transport: Remote version/idstring: SSH-2.0-OpenSSH_9.6p1 Ubuntu-3ubuntu13.11
INF [20250516-16:12:42.146] thr=1   paramiko.transport: Connected (version 2.0, client OpenSSH_9.6p1)
DEB [20250516-16:12:42.404] thr=1   paramiko.transport: === Key exchange possibilities ===
DEB [20250516-16:12:42.404] thr=1   paramiko.transport: kex algos: sntrup761x25519-sha512@openssh.com, curve25519-sha256, curve25519-sha256@libssh.org, ecdh-sha2-nistp256, ecdh-sha2-nistp384, ecdh-sha2-nistp521, diffie-hellman-group-exchange-sha256, diffie-hellman-group16-sha512, diffie-hellman-group18-sha512, diffie-hellman-group14-sha256, ext-info-s, kex-strict-s-v00@openssh.com
DEB [20250516-16:12:42.404] thr=1   paramiko.transport: server key: rsa-sha2-512, rsa-sha2-256, ecdsa-sha2-nistp256, ssh-ed25519
DEB [20250516-16:12:42.405] thr=1   paramiko.transport: client encrypt: chacha20-poly1305@openssh.com, aes128-ctr, aes192-ctr, aes256-ctr, aes128-gcm@openssh.com, aes256-gcm@openssh.com
DEB [20250516-16:12:42.405] thr=1   paramiko.transport: server encrypt: chacha20-poly1305@openssh.com, aes128-ctr, aes192-ctr, aes256-ctr, aes128-gcm@openssh.com, aes256-gcm@openssh.com
DEB [20250516-16:12:42.405] thr=1   paramiko.transport: client mac: umac-64-etm@openssh.com, umac-128-etm@openssh.com, hmac-sha2-256-etm@openssh.com, hmac-sha2-512-etm@openssh.com, hmac-sha1-etm@openssh.com, umac-64@openssh.com, umac-128@openssh.com, hmac-sha2-256, hmac-sha2-512, hmac-sha1
DEB [20250516-16:12:42.405] thr=1   paramiko.transport: server mac: umac-64-etm@openssh.com, umac-128-etm@openssh.com, hmac-sha2-256-etm@openssh.com, hmac-sha2-512-etm@openssh.com, hmac-sha1-etm@openssh.com, umac-64@openssh.com, umac-128@openssh.com, hmac-sha2-256, hmac-sha2-512, hmac-sha1
DEB [20250516-16:12:42.405] thr=1   paramiko.transport: client compress: none, zlib@openssh.com
DEB [20250516-16:12:42.405] thr=1   paramiko.transport: server compress: none, zlib@openssh.com
DEB [20250516-16:12:42.405] thr=1   paramiko.transport: client lang: <none>
DEB [20250516-16:12:42.405] thr=1   paramiko.transport: server lang: <none>
DEB [20250516-16:12:42.405] thr=1   paramiko.transport: kex follows: False
DEB [20250516-16:12:42.405] thr=1   paramiko.transport: === Key exchange agreements ===
DEB [20250516-16:12:42.405] thr=1   paramiko.transport: Strict kex mode: True
DEB [20250516-16:12:42.405] thr=1   paramiko.transport: Kex: curve25519-sha256@libssh.org
DEB [20250516-16:12:42.405] thr=1   paramiko.transport: HostKey: ssh-ed25519
DEB [20250516-16:12:42.405] thr=1   paramiko.transport: Cipher: aes128-ctr
DEB [20250516-16:12:42.405] thr=1   paramiko.transport: MAC: hmac-sha2-256
DEB [20250516-16:12:42.405] thr=1   paramiko.transport: Compression: none
DEB [20250516-16:12:42.405] thr=1   paramiko.transport: === End of kex handshake ===
DEB [20250516-16:12:42.670] thr=1   paramiko.transport: Resetting outbound seqno after NEWKEYS due to strict mode
DEB [20250516-16:12:42.670] thr=1   paramiko.transport: kex engine KexCurve25519 specified hash_algo <built-in function openssl_sha256>
DEB [20250516-16:12:42.671] thr=1   paramiko.transport: Switch to new keys ...
DEB [20250516-16:12:42.671] thr=1   paramiko.transport: Resetting inbound seqno after NEWKEYS due to strict mode
DEB [20250516-16:12:42.671] thr=2   paramiko.transport: Adding ssh-ed25519 host key for 68.168.222.82: b'55eefeb678d252555c86af3168b866f0'
DEB [20250516-16:12:42.671] thr=1   paramiko.transport: Got EXT_INFO: {'server-sig-algs': b'ssh-ed25519,ecdsa-sha2-nistp256,ecdsa-sha2-nistp384,ecdsa-sha2-nistp521,sk-ssh-ed25519@openssh.com,sk-ecdsa-sha2-nistp256@openssh.com,rsa-sha2-512,rsa-sha2-256', 'publickey-hostbound@openssh.com': b'0', 'ping@openssh.com': b'0'}
DEB [20250516-16:12:43.228] thr=1   paramiko.transport: userauth is OK
INF [20250516-16:12:43.638] thr=1   paramiko.transport: Authentication (password) successful!
DEB [20250516-16:12:43.639] thr=2   paramiko.transport: [chan 0] Max packet in: 32768 bytes
DEB [20250516-16:12:44.540] thr=1   paramiko.transport: Received global request "hostkeys-00@openssh.com"
DEB [20250516-16:12:44.540] thr=1   paramiko.transport: Rejecting "hostkeys-00@openssh.com" global request from server.
DEB [20250516-16:12:45.028] thr=1   paramiko.transport: [chan 0] Max packet out: 32768 bytes
DEB [20250516-16:12:45.028] thr=1   paramiko.transport: Secsh channel 0 opened.
DEB [20250516-16:12:45.298] thr=1   paramiko.transport: [chan 0] Sesch channel 0 request ok
INF [20250516-16:12:45.572] thr=2   paramiko.transport.sftp: [chan 0] Opened sftp connection (server version 3)
DEB [20250516-16:12:45.575] thr=2   paramiko.transport.sftp: [chan 0] stat(b'opt/myproject/myproject/media/user_data')
DEB [20250516-16:12:45.851] thr=2   paramiko.transport.sftp: [chan 0] mkdir(b'opt/myproject/myproject/media/user_data', 511)
DEB [20250516-16:13:13.668] thr=1   paramiko.transport: EOF in transport thread
DEB [20250516-16:18:12.028] thr=1   paramiko.transport: starting thread (client mode): 0x102a3bf0
DEB [20250516-16:18:12.028] thr=1   paramiko.transport: Local version/idstring: SSH-2.0-paramiko_3.5.1
DEB [20250516-16:18:12.274] thr=1   paramiko.transport: Remote version/idstring: SSH-2.0-OpenSSH_9.6p1 Ubuntu-3ubuntu13.11
INF [20250516-16:18:12.274] thr=1   paramiko.transport: Connected (version 2.0, client OpenSSH_9.6p1)
DEB [20250516-16:18:12.503] thr=1   paramiko.transport: === Key exchange possibilities ===
DEB [20250516-16:18:12.503] thr=1   paramiko.transport: kex algos: sntrup761x25519-sha512@openssh.com, curve25519-sha256, curve25519-sha256@libssh.org, ecdh-sha2-nistp256, ecdh-sha2-nistp384, ecdh-sha2-nistp521, diffie-hellman-group-exchange-sha256, diffie-hellman-group16-sha512, diffie-hellman-group18-sha512, diffie-hellman-group14-sha256, ext-info-s, kex-strict-s-v00@openssh.com
DEB [20250516-16:18:12.503] thr=1   paramiko.transport: server key: rsa-sha2-512, rsa-sha2-256, ecdsa-sha2-nistp256, ssh-ed25519
DEB [20250516-16:18:12.504] thr=1   paramiko.transport: client encrypt: chacha20-poly1305@openssh.com, aes128-ctr, aes192-ctr, aes256-ctr, aes128-gcm@openssh.com, aes256-gcm@openssh.com
DEB [20250516-16:18:12.504] thr=1   paramiko.transport: server encrypt: chacha20-poly1305@openssh.com, aes128-ctr, aes192-ctr, aes256-ctr, aes128-gcm@openssh.com, aes256-gcm@openssh.com
DEB [20250516-16:18:12.504] thr=1   paramiko.transport: client mac: umac-64-etm@openssh.com, umac-128-etm@openssh.com, hmac-sha2-256-etm@openssh.com, hmac-sha2-512-etm@openssh.com, hmac-sha1-etm@openssh.com, umac-64@openssh.com, umac-128@openssh.com, hmac-sha2-256, hmac-sha2-512, hmac-sha1
DEB [20250516-16:18:12.504] thr=1   paramiko.transport: server mac: umac-64-etm@openssh.com, umac-128-etm@openssh.com, hmac-sha2-256-etm@openssh.com, hmac-sha2-512-etm@openssh.com, hmac-sha1-etm@openssh.com, umac-64@openssh.com, umac-128@openssh.com, hmac-sha2-256, hmac-sha2-512, hmac-sha1
DEB [20250516-16:18:12.504] thr=1   paramiko.transport: client compress: none, zlib@openssh.com
DEB [20250516-16:18:12.504] thr=1   paramiko.transport: server compress: none, zlib@openssh.com
DEB [20250516-16:18:12.504] thr=1   paramiko.transport: client lang: <none>
DEB [20250516-16:18:12.504] thr=1   paramiko.transport: server lang: <none>
DEB [20250516-16:18:12.504] thr=1   paramiko.transport: kex follows: False
DEB [20250516-16:18:12.505] thr=1   paramiko.transport: === Key exchange agreements ===
DEB [20250516-16:18:12.505] thr=1   paramiko.transport: Strict kex mode: True
DEB [20250516-16:18:12.505] thr=1   paramiko.transport: Kex: curve25519-sha256@libssh.org
DEB [20250516-16:18:12.505] thr=1   paramiko.transport: HostKey: ssh-ed25519
DEB [20250516-16:18:12.505] thr=1   paramiko.transport: Cipher: aes128-ctr
DEB [20250516-16:18:12.505] thr=1   paramiko.transport: MAC: hmac-sha2-256
DEB [20250516-16:18:12.505] thr=1   paramiko.transport: Compression: none
DEB [20250516-16:18:12.505] thr=1   paramiko.transport: === End of kex handshake ===
DEB [20250516-16:18:12.744] thr=1   paramiko.transport: Resetting outbound seqno after NEWKEYS due to strict mode
DEB [20250516-16:18:12.744] thr=1   paramiko.transport: kex engine KexCurve25519 specified hash_algo <built-in function openssl_sha256>
DEB [20250516-16:18:12.744] thr=1   paramiko.transport: Switch to new keys ...
DEB [20250516-16:18:12.745] thr=1   paramiko.transport: Resetting inbound seqno after NEWKEYS due to strict mode
DEB [20250516-16:18:12.745] thr=2   paramiko.transport: Adding ssh-ed25519 host key for 68.168.222.82: b'55eefeb678d252555c86af3168b866f0'
DEB [20250516-16:18:12.745] thr=1   paramiko.transport: Got EXT_INFO: {'server-sig-algs': b'ssh-ed25519,ecdsa-sha2-nistp256,ecdsa-sha2-nistp384,ecdsa-sha2-nistp521,sk-ssh-ed25519@openssh.com,sk-ecdsa-sha2-nistp256@openssh.com,rsa-sha2-512,rsa-sha2-256', 'publickey-hostbound@openssh.com': b'0', 'ping@openssh.com': b'0'}
DEB [20250516-16:18:13.237] thr=1   paramiko.transport: userauth is OK
INF [20250516-16:18:13.612] thr=1   paramiko.transport: Authentication (password) successful!
DEB [20250516-16:18:13.613] thr=2   paramiko.transport: [chan 0] Max packet in: 32768 bytes
DEB [20250516-16:18:14.451] thr=1   paramiko.transport: Received global request "hostkeys-00@openssh.com"
DEB [20250516-16:18:14.452] thr=1   paramiko.transport: Rejecting "hostkeys-00@openssh.com" global request from server.
DEB [20250516-16:18:14.730] thr=1   paramiko.transport: [chan 0] Max packet out: 32768 bytes
DEB [20250516-16:18:14.730] thr=1   paramiko.transport: Secsh channel 0 opened.
DEB [20250516-16:18:14.962] thr=1   paramiko.transport: [chan 0] Sesch channel 0 request ok
INF [20250516-16:18:15.190] thr=2   paramiko.transport.sftp: [chan 0] Opened sftp connection (server version 3)
DEB [20250516-16:18:15.193] thr=2   paramiko.transport.sftp: [chan 0] stat(b'opt/myproject/myproject/media/user_data')
DEB [20250516-16:18:15.421] thr=2   paramiko.transport.sftp: [chan 0] mkdir(b'opt/myproject/myproject/media/user_data', 511)
DEB [20250516-16:18:41.966] thr=1   paramiko.transport: EOF in transport thread
DEB [20250516-16:18:55.106] thr=1   paramiko.transport: starting thread (client mode): 0x8a693830
DEB [20250516-16:18:55.106] thr=1   paramiko.transport: Local version/idstring: SSH-2.0-paramiko_3.5.1
DEB [20250516-16:18:55.386] thr=1   paramiko.transport: Remote version/idstring: SSH-2.0-OpenSSH_9.6p1 Ubuntu-3ubuntu13.11
INF [20250516-16:18:55.387] thr=1   paramiko.transport: Connected (version 2.0, client OpenSSH_9.6p1)
DEB [20250516-16:18:55.656] thr=1   paramiko.transport: === Key exchange possibilities ===
DEB [20250516-16:18:55.656] thr=1   paramiko.transport: kex algos: sntrup761x25519-sha512@openssh.com, curve25519-sha256, curve25519-sha256@libssh.org, ecdh-sha2-nistp256, ecdh-sha2-nistp384, ecdh-sha2-nistp521, diffie-hellman-group-exchange-sha256, diffie-hellman-group16-sha512, diffie-hellman-group18-sha512, diffie-hellman-group14-sha256, ext-info-s, kex-strict-s-v00@openssh.com
DEB [20250516-16:18:55.656] thr=1   paramiko.transport: server key: rsa-sha2-512, rsa-sha2-256, ecdsa-sha2-nistp256, ssh-ed25519
DEB [20250516-16:18:55.656] thr=1   paramiko.transport: client encrypt: chacha20-poly1305@openssh.com, aes128-ctr, aes192-ctr, aes256-ctr, aes128-gcm@openssh.com, aes256-gcm@openssh.com
DEB [20250516-16:18:55.656] thr=1   paramiko.transport: server encrypt: chacha20-poly1305@openssh.com, aes128-ctr, aes192-ctr, aes256-ctr, aes128-gcm@openssh.com, aes256-gcm@openssh.com
DEB [20250516-16:18:55.656] thr=1   paramiko.transport: client mac: umac-64-etm@openssh.com, umac-128-etm@openssh.com, hmac-sha2-256-etm@openssh.com, hmac-sha2-512-etm@openssh.com, hmac-sha1-etm@openssh.com, umac-64@openssh.com, umac-128@openssh.com, hmac-sha2-256, hmac-sha2-512, hmac-sha1
DEB [20250516-16:18:55.656] thr=1   paramiko.transport: server mac: umac-64-etm@openssh.com, umac-128-etm@openssh.com, hmac-sha2-256-etm@openssh.com, hmac-sha2-512-etm@openssh.com, hmac-sha1-etm@openssh.com, umac-64@openssh.com, umac-128@openssh.com, hmac-sha2-256, hmac-sha2-512, hmac-sha1
DEB [20250516-16:18:55.656] thr=1   paramiko.transport: client compress: none, zlib@openssh.com
DEB [20250516-16:18:55.656] thr=1   paramiko.transport: server compress: none, zlib@openssh.com
DEB [20250516-16:18:55.656] thr=1   paramiko.transport: client lang: <none>
DEB [20250516-16:18:55.656] thr=1   paramiko.transport: server lang: <none>
DEB [20250516-16:18:55.657] thr=1   paramiko.transport: kex follows: False
DEB [20250516-16:18:55.657] thr=1   paramiko.transport: === Key exchange agreements ===
DEB [20250516-16:18:55.657] thr=1   paramiko.transport: Strict kex mode: True
DEB [20250516-16:18:55.657] thr=1   paramiko.transport: Kex: curve25519-sha256@libssh.org
DEB [20250516-16:18:55.657] thr=1   paramiko.transport: HostKey: ssh-ed25519
DEB [20250516-16:18:55.657] thr=1   paramiko.transport: Cipher: aes128-ctr
DEB [20250516-16:18:55.657] thr=1   paramiko.transport: MAC: hmac-sha2-256
DEB [20250516-16:18:55.657] thr=1   paramiko.transport: Compression: none
DEB [20250516-16:18:55.657] thr=1   paramiko.transport: === End of kex handshake ===
DEB [20250516-16:18:55.933] thr=1   paramiko.transport: Resetting outbound seqno after NEWKEYS due to strict mode
DEB [20250516-16:18:55.933] thr=1   paramiko.transport: kex engine KexCurve25519 specified hash_algo <built-in function openssl_sha256>
DEB [20250516-16:18:55.934] thr=1   paramiko.transport: Switch to new keys ...
DEB [20250516-16:18:55.934] thr=1   paramiko.transport: Resetting inbound seqno after NEWKEYS due to strict mode
DEB [20250516-16:18:55.934] thr=2   paramiko.transport: Adding ssh-ed25519 host key for 68.168.222.82: b'55eefeb678d252555c86af3168b866f0'
DEB [20250516-16:18:55.934] thr=1   paramiko.transport: Got EXT_INFO: {'server-sig-algs': b'ssh-ed25519,ecdsa-sha2-nistp256,ecdsa-sha2-nistp384,ecdsa-sha2-nistp521,sk-ssh-ed25519@openssh.com,sk-ecdsa-sha2-nistp256@openssh.com,rsa-sha2-512,rsa-sha2-256', 'publickey-hostbound@openssh.com': b'0', 'ping@openssh.com': b'0'}
DEB [20250516-16:18:56.508] thr=1   paramiko.transport: userauth is OK
INF [20250516-16:18:56.924] thr=1   paramiko.transport: Authentication (password) successful!
DEB [20250516-16:18:56.924] thr=2   paramiko.transport: [chan 0] Max packet in: 32768 bytes
DEB [20250516-16:18:57.193] thr=1   paramiko.transport: Received global request "hostkeys-00@openssh.com"
DEB [20250516-16:18:57.193] thr=1   paramiko.transport: Rejecting "hostkeys-00@openssh.com" global request from server.
DEB [20250516-16:18:57.500] thr=1   paramiko.transport: [chan 0] Max packet out: 32768 bytes
DEB [20250516-16:18:57.500] thr=1   paramiko.transport: Secsh channel 0 opened.
DEB [20250516-16:18:57.770] thr=1   paramiko.transport: [chan 0] Sesch channel 0 request ok
INF [20250516-16:18:58.039] thr=2   paramiko.transport.sftp: [chan 0] Opened sftp connection (server version 3)
DEB [20250516-16:18:58.043] thr=2   paramiko.transport.sftp: [chan 0] stat(b'opt/myproject/myproject/media/user_data')
DEB [20250516-16:18:58.311] thr=2   paramiko.transport.sftp: [chan 0] mkdir(b'opt/myproject/myproject/media/user_data', 511)
DEB [20250516-16:21:11.463] thr=1   paramiko.transport: EOF in transport thread
DEB [20250516-16:24:29.180] thr=1   paramiko.transport: starting thread (client mode): 0xa47d3fb0
DEB [20250516-16:24:29.180] thr=1   paramiko.transport: Local version/idstring: SSH-2.0-paramiko_3.5.1
DEB [20250516-16:24:29.456] thr=1   paramiko.transport: Remote version/idstring: SSH-2.0-OpenSSH_9.6p1 Ubuntu-3ubuntu13.11
INF [20250516-16:24:29.457] thr=1   paramiko.transport: Connected (version 2.0, client OpenSSH_9.6p1)
DEB [20250516-16:24:29.713] thr=1   paramiko.transport: === Key exchange possibilities ===
DEB [20250516-16:24:29.713] thr=1   paramiko.transport: kex algos: sntrup761x25519-sha512@openssh.com, curve25519-sha256, curve25519-sha256@libssh.org, ecdh-sha2-nistp256, ecdh-sha2-nistp384, ecdh-sha2-nistp521, diffie-hellman-group-exchange-sha256, diffie-hellman-group16-sha512, diffie-hellman-group18-sha512, diffie-hellman-group14-sha256, ext-info-s, kex-strict-s-v00@openssh.com
DEB [20250516-16:24:29.713] thr=1   paramiko.transport: server key: rsa-sha2-512, rsa-sha2-256, ecdsa-sha2-nistp256, ssh-ed25519
DEB [20250516-16:24:29.713] thr=1   paramiko.transport: client encrypt: chacha20-poly1305@openssh.com, aes128-ctr, aes192-ctr, aes256-ctr, aes128-gcm@openssh.com, aes256-gcm@openssh.com
DEB [20250516-16:24:29.714] thr=1   paramiko.transport: server encrypt: chacha20-poly1305@openssh.com, aes128-ctr, aes192-ctr, aes256-ctr, aes128-gcm@openssh.com, aes256-gcm@openssh.com
DEB [20250516-16:24:29.714] thr=1   paramiko.transport: client mac: umac-64-etm@openssh.com, umac-128-etm@openssh.com, hmac-sha2-256-etm@openssh.com, hmac-sha2-512-etm@openssh.com, hmac-sha1-etm@openssh.com, umac-64@openssh.com, umac-128@openssh.com, hmac-sha2-256, hmac-sha2-512, hmac-sha1
DEB [20250516-16:24:29.714] thr=1   paramiko.transport: server mac: umac-64-etm@openssh.com, umac-128-etm@openssh.com, hmac-sha2-256-etm@openssh.com, hmac-sha2-512-etm@openssh.com, hmac-sha1-etm@openssh.com, umac-64@openssh.com, umac-128@openssh.com, hmac-sha2-256, hmac-sha2-512, hmac-sha1
DEB [20250516-16:24:29.714] thr=1   paramiko.transport: client compress: none, zlib@openssh.com
DEB [20250516-16:24:29.714] thr=1   paramiko.transport: server compress: none, zlib@openssh.com
DEB [20250516-16:24:29.714] thr=1   paramiko.transport: client lang: <none>
DEB [20250516-16:24:29.714] thr=1   paramiko.transport: server lang: <none>
DEB [20250516-16:24:29.714] thr=1   paramiko.transport: kex follows: False
DEB [20250516-16:24:29.714] thr=1   paramiko.transport: === Key exchange agreements ===
DEB [20250516-16:24:29.714] thr=1   paramiko.transport: Strict kex mode: True
DEB [20250516-16:24:29.715] thr=1   paramiko.transport: Kex: curve25519-sha256@libssh.org
DEB [20250516-16:24:29.715] thr=1   paramiko.transport: HostKey: ssh-ed25519
DEB [20250516-16:24:29.715] thr=1   paramiko.transport: Cipher: aes128-ctr
DEB [20250516-16:24:29.715] thr=1   paramiko.transport: MAC: hmac-sha2-256
DEB [20250516-16:24:29.715] thr=1   paramiko.transport: Compression: none
DEB [20250516-16:24:29.715] thr=1   paramiko.transport: === End of kex handshake ===
DEB [20250516-16:24:29.978] thr=1   paramiko.transport: Resetting outbound seqno after NEWKEYS due to strict mode
DEB [20250516-16:24:29.978] thr=1   paramiko.transport: kex engine KexCurve25519 specified hash_algo <built-in function openssl_sha256>
DEB [20250516-16:24:29.979] thr=1   paramiko.transport: Switch to new keys ...
DEB [20250516-16:24:29.979] thr=1   paramiko.transport: Resetting inbound seqno after NEWKEYS due to strict mode
DEB [20250516-16:24:29.979] thr=2   paramiko.transport: Adding ssh-ed25519 host key for 68.168.222.82: b'55eefeb678d252555c86af3168b866f0'
DEB [20250516-16:24:29.980] thr=1   paramiko.transport: Got EXT_INFO: {'server-sig-algs': b'ssh-ed25519,ecdsa-sha2-nistp256,ecdsa-sha2-nistp384,ecdsa-sha2-nistp521,sk-ssh-ed25519@openssh.com,sk-ecdsa-sha2-nistp256@openssh.com,rsa-sha2-512,rsa-sha2-256', 'publickey-hostbound@openssh.com': b'0', 'ping@openssh.com': b'0'}
DEB [20250516-16:24:30.529] thr=1   paramiko.transport: userauth is OK
INF [20250516-16:24:30.931] thr=1   paramiko.transport: Authentication (password) successful!
DEB [20250516-16:24:30.931] thr=2   paramiko.transport: [chan 0] Max packet in: 32768 bytes
DEB [20250516-16:24:31.743] thr=1   paramiko.transport: Received global request "hostkeys-00@openssh.com"
DEB [20250516-16:24:31.743] thr=1   paramiko.transport: Rejecting "hostkeys-00@openssh.com" global request from server.
DEB [20250516-16:24:32.040] thr=1   paramiko.transport: [chan 0] Max packet out: 32768 bytes
DEB [20250516-16:24:32.040] thr=1   paramiko.transport: Secsh channel 0 opened.
DEB [20250516-16:24:32.296] thr=1   paramiko.transport: [chan 0] Sesch channel 0 request ok
INF [20250516-16:24:32.552] thr=2   paramiko.transport.sftp: [chan 0] Opened sftp connection (server version 3)
DEB [20250516-16:24:32.566] thr=2   paramiko.transport.sftp: [chan 0] stat(b'opt')
DEB [20250516-16:24:32.823] thr=2   paramiko.transport.sftp: [chan 0] mkdir(b'opt', 511)
DEB [20250516-16:24:33.081] thr=2   paramiko.transport.sftp: [chan 0] stat(b'opt/myproject')
DEB [20250516-16:24:33.336] thr=2   paramiko.transport.sftp: [chan 0] mkdir(b'opt/myproject', 511)
DEB [20250516-16:24:33.592] thr=2   paramiko.transport.sftp: [chan 0] stat(b'opt/myproject/myproject')
DEB [20250516-16:24:33.847] thr=2   paramiko.transport.sftp: [chan 0] mkdir(b'opt/myproject/myproject', 511)
DEB [20250516-16:24:34.103] thr=2   paramiko.transport.sftp: [chan 0] stat(b'opt/myproject/myproject/media')
DEB [20250516-16:24:34.358] thr=2   paramiko.transport.sftp: [chan 0] mkdir(b'opt/myproject/myproject/media', 511)
DEB [20250516-16:24:34.615] thr=2   paramiko.transport.sftp: [chan 0] stat(b'opt/myproject/myproject/media/user_data')
DEB [20250516-16:24:34.870] thr=2   paramiko.transport.sftp: [chan 0] mkdir(b'opt/myproject/myproject/media/user_data', 511)
DEB [20250516-16:24:35.127] thr=2   paramiko.transport.sftp: [chan 0] open(b'opt/myproject/myproject/media/user_data/img-lr6Wf5685HBRANhJpS2tGXu0.png', 'wb')
DEB [20250516-16:24:35.383] thr=2   paramiko.transport.sftp: [chan 0] open(b'opt/myproject/myproject/media/user_data/img-lr6Wf5685HBRANhJpS2tGXu0.png', 'wb') -> 00000000
DEB [20250516-16:24:51.792] thr=2   paramiko.transport.sftp: [chan 0] close(00000000)
INF [20250516-16:24:52.041] thr=2   paramiko.transport.sftp: [chan 0] sftp session closed.
DEB [20250516-16:24:52.042] thr=2   paramiko.transport: [chan 0] EOF sent (0)
DEB [20250516-16:24:52.042] thr=1   paramiko.transport: EOF in transport thread
DEB [20250516-16:31:21.811] thr=1   paramiko.transport: starting thread (client mode): 0x43e77d40
DEB [20250516-16:31:21.811] thr=1   paramiko.transport: Local version/idstring: SSH-2.0-paramiko_3.5.1
DEB [20250516-16:31:22.065] thr=1   paramiko.transport: Remote version/idstring: SSH-2.0-OpenSSH_9.6p1 Ubuntu-3ubuntu13.11
INF [20250516-16:31:22.066] thr=1   paramiko.transport: Connected (version 2.0, client OpenSSH_9.6p1)
DEB [20250516-16:31:22.306] thr=1   paramiko.transport: === Key exchange possibilities ===
DEB [20250516-16:31:22.306] thr=1   paramiko.transport: kex algos: sntrup761x25519-sha512@openssh.com, curve25519-sha256, curve25519-sha256@libssh.org, ecdh-sha2-nistp256, ecdh-sha2-nistp384, ecdh-sha2-nistp521, diffie-hellman-group-exchange-sha256, diffie-hellman-group16-sha512, diffie-hellman-group18-sha512, diffie-hellman-group14-sha256, ext-info-s, kex-strict-s-v00@openssh.com
DEB [20250516-16:31:22.306] thr=1   paramiko.transport: server key: rsa-sha2-512, rsa-sha2-256, ecdsa-sha2-nistp256, ssh-ed25519
DEB [20250516-16:31:22.306] thr=1   paramiko.transport: client encrypt: chacha20-poly1305@openssh.com, aes128-ctr, aes192-ctr, aes256-ctr, aes128-gcm@openssh.com, aes256-gcm@openssh.com
DEB [20250516-16:31:22.306] thr=1   paramiko.transport: server encrypt: chacha20-poly1305@openssh.com, aes128-ctr, aes192-ctr, aes256-ctr, aes128-gcm@openssh.com, aes256-gcm@openssh.com
DEB [20250516-16:31:22.306] thr=1   paramiko.transport: client mac: umac-64-etm@openssh.com, umac-128-etm@openssh.com, hmac-sha2-256-etm@openssh.com, hmac-sha2-512-etm@openssh.com, hmac-sha1-etm@openssh.com, umac-64@openssh.com, umac-128@openssh.com, hmac-sha2-256, hmac-sha2-512, hmac-sha1
DEB [20250516-16:31:22.306] thr=1   paramiko.transport: server mac: umac-64-etm@openssh.com, umac-128-etm@openssh.com, hmac-sha2-256-etm@openssh.com, hmac-sha2-512-etm@openssh.com, hmac-sha1-etm@openssh.com, umac-64@openssh.com, umac-128@openssh.com, hmac-sha2-256, hmac-sha2-512, hmac-sha1
DEB [20250516-16:31:22.306] thr=1   paramiko.transport: client compress: none, zlib@openssh.com
DEB [20250516-16:31:22.307] thr=1   paramiko.transport: server compress: none, zlib@openssh.com
DEB [20250516-16:31:22.307] thr=1   paramiko.transport: client lang: <none>
DEB [20250516-16:31:22.307] thr=1   paramiko.transport: server lang: <none>
DEB [20250516-16:31:22.307] thr=1   paramiko.transport: kex follows: False
DEB [20250516-16:31:22.307] thr=1   paramiko.transport: === Key exchange agreements ===
DEB [20250516-16:31:22.307] thr=1   paramiko.transport: Strict kex mode: True
DEB [20250516-16:31:22.307] thr=1   paramiko.transport: Kex: curve25519-sha256@libssh.org
DEB [20250516-16:31:22.307] thr=1   paramiko.transport: HostKey: ssh-ed25519
DEB [20250516-16:31:22.307] thr=1   paramiko.transport: Cipher: aes128-ctr
DEB [20250516-16:31:22.307] thr=1   paramiko.transport: MAC: hmac-sha2-256
DEB [20250516-16:31:22.308] thr=1   paramiko.transport: Compression: none
DEB [20250516-16:31:22.308] thr=1   paramiko.transport: === End of kex handshake ===
DEB [20250516-16:31:22.555] thr=1   paramiko.transport: Resetting outbound seqno after NEWKEYS due to strict mode
DEB [20250516-16:31:22.555] thr=1   paramiko.transport: kex engine KexCurve25519 specified hash_algo <built-in function openssl_sha256>
DEB [20250516-16:31:22.555] thr=1   paramiko.transport: Switch to new keys ...
DEB [20250516-16:31:22.556] thr=1   paramiko.transport: Resetting inbound seqno after NEWKEYS due to strict mode
DEB [20250516-16:31:22.556] thr=2   paramiko.transport: Adding ssh-ed25519 host key for 68.168.222.82: b'55eefeb678d252555c86af3168b866f0'
DEB [20250516-16:31:22.556] thr=1   paramiko.transport: Got EXT_INFO: {'server-sig-algs': b'ssh-ed25519,ecdsa-sha2-nistp256,ecdsa-sha2-nistp384,ecdsa-sha2-nistp521,sk-ssh-ed25519@openssh.com,sk-ecdsa-sha2-nistp256@openssh.com,rsa-sha2-512,rsa-sha2-256', 'publickey-hostbound@openssh.com': b'0', 'ping@openssh.com': b'0'}
DEB [20250516-16:31:23.072] thr=1   paramiko.transport: userauth is OK
INF [20250516-16:31:23.459] thr=1   paramiko.transport: Authentication (password) successful!
DEB [20250516-16:31:23.459] thr=2   paramiko.transport: [chan 0] Max packet in: 32768 bytes
DEB [20250516-16:31:24.377] thr=1   paramiko.transport: Received global request "hostkeys-00@openssh.com"
DEB [20250516-16:31:24.378] thr=1   paramiko.transport: Rejecting "hostkeys-00@openssh.com" global request from server.
DEB [20250516-16:31:24.743] thr=1   paramiko.transport: [chan 0] Max packet out: 32768 bytes
DEB [20250516-16:31:24.743] thr=1   paramiko.transport: Secsh channel 0 opened.
DEB [20250516-16:31:24.984] thr=1   paramiko.transport: [chan 0] Sesch channel 0 request ok
INF [20250516-16:31:25.224] thr=2   paramiko.transport.sftp: [chan 0] Opened sftp connection (server version 3)
DEB [20250516-16:31:25.240] thr=2   paramiko.transport.sftp: [chan 0] stat(b'opt')
DEB [20250516-16:31:25.481] thr=2   paramiko.transport.sftp: [chan 0] stat(b'opt')
DEB [20250516-16:31:25.723] thr=2   paramiko.transport.sftp: [chan 0] stat(b'opt/myproject')
DEB [20250516-16:31:25.964] thr=2   paramiko.transport.sftp: [chan 0] stat(b'opt/myproject')
DEB [20250516-16:31:26.207] thr=2   paramiko.transport.sftp: [chan 0] stat(b'opt/myproject/myproject')
DEB [20250516-16:31:26.447] thr=2   paramiko.transport.sftp: [chan 0] stat(b'opt/myproject/myproject')
DEB [20250516-16:31:26.690] thr=2   paramiko.transport.sftp: [chan 0] stat(b'opt/myproject/myproject/media')
DEB [20250516-16:31:26.928] thr=2   paramiko.transport.sftp: [chan 0] stat(b'opt/myproject/myproject/media')
DEB [20250516-16:31:27.171] thr=2   paramiko.transport.sftp: [chan 0] stat(b'opt/myproject/myproject/media/user_data')
DEB [20250516-16:31:27.411] thr=2   paramiko.transport.sftp: [chan 0] stat(b'opt/myproject/myproject/media/user_data')
DEB [20250516-16:31:27.653] thr=2   paramiko.transport.sftp: [chan 0] open(b'opt/myproject/myproject/media/user_data/img_peaock.png', 'wb')
DEB [20250516-16:31:27.893] thr=2   paramiko.transport.sftp: [chan 0] open(b'opt/myproject/myproject/media/user_data/img_peaock.png', 'wb') -> 00000000
DEB [20250516-16:31:50.618] thr=2   paramiko.transport.sftp: [chan 0] close(00000000)
INF [20250516-16:31:50.857] thr=2   paramiko.transport.sftp: [chan 0] sftp session closed.
DEB [20250516-16:31:50.858] thr=2   paramiko.transport: [chan 0] EOF sent (0)
DEB [20250516-16:31:50.858] thr=1   paramiko.transport: EOF in transport thread
